<?xml version="1.0" encoding="UTF-8"?>
<testsuite xmlns:xsi="http://www.w3.org/2001/XMLSchema-instance" xsi:noNamespaceSchemaLocation="https://maven.apache.org/surefire/maven-surefire-plugin/xsd/surefire-test-report.xsd" name="CashRegisterTest" time="0.135" tests="7" errors="0" skipped="0" failures="0">
  <properties>
[...]
</properties>
  <testcase name="testGet" classname="CashRegisterTest" time="0.078"/>
  <testcase name="testPut" classname="CashRegisterTest" time="0.016"/>
  <testcase name="testQuit" classname="CashRegisterTest" time="0"/>
  <testcase name="testTake" classname="CashRegisterTest" time="0"/>
  <testcase name="testValidInput" classname="CashRegisterTest" time="0"/>
  <testcase name="testChange2" classname="CashRegisterTest" time="0.031"/>
  <testcase name="testChange" classname="CashRegisterTest" time="0"/>
</testsuite>